#
# A fatal error has been detected by the Java Runtime Environment:
#
#  Internal Error (javaClasses.cpp:136), pid=4376, tid=5264
#  fatal error: Invalid layout of preloaded class
#
# JRE version:  (7.0_55-b14) (build )
# Java VM: Java HotSpot(TM) Client VM (24.55-b03 mixed mode windows-x86 )
# Failed to write core dump. Minidumps are not enabled by default on client versions of Windows
#
# If you would like to submit a bug report, please visit:
#   http://bugreport.sun.com/bugreport/crash.jsp
#

---------------  T H R E A D  ---------------

Current thread (0x0129c400):  JavaThread "Unknown thread" [_thread_in_vm, id=5264, stack(0x01b70000,0x01bc0000)]

Stack: [0x01b70000,0x01bc0000],  sp=0x01bbf6d0,  free space=317k
Native frames: (J=compiled Java code, j=interpreted, Vv=VM code, C=native code)
V  [jvm.dll+0x18e051]
V  [jvm.dll+0x187dd6]
V  [jvm.dll+0x358ba]
V  [jvm.dll+0x35946]
V  [jvm.dll+0x43fed]
V  [jvm.dll+0x4429e]
V  [jvm.dll+0x926aa]
V  [jvm.dll+0x92a5b]
V  [jvm.dll+0x13db41]
V  [jvm.dll+0x1606ac]
V  [jvm.dll+0xc8e1f]
C  [javaw.exe+0x13ce]
C  [javaw.exe+0x1e40]
C  [javaw.exe+0xa5b1]
C  [javaw.exe+0xa63b]
C  [kernel32.dll+0x51174]
C  [ntdll.dll+0x5b3f5]
C  [ntdll.dll+0x5b3c8]


---------------  P R O C E S S  ---------------

Java Threads: ( => current thread )

Other Threads:

=>0x0129c400 (exited) JavaThread "Unknown thread" [_thread_in_vm, id=5264, stack(0x01b70000,0x01bc0000)]

VM state:not at safepoint (not fully initialized)

VM Mutex/Monitor currently owned by a thread: None

GC Heap History (0 events):
No events

Deoptimization events (0 events):
No events

Internal exceptions (0 events):
No events

Events (10 events):
Event: 0.015 loading class 0x011abf30 done
Event: 0.016 loading class 0x011ab9c0 done
Event: 0.016 loading class 0x011ab9a0
Event: 0.016 loading class 0x011b2cc8
Event: 0.033 loading class 0x011b2cc8 done
Event: 0.033 loading class 0x011b2cf8
Event: 0.033 loading class 0x011b2cf8 done
Event: 0.033 loading class 0x011b2d28
Event: 0.033 loading class 0x011b2d28 done
Event: 0.033 loading class 0x011ab9a0 done


Dynamic libraries:
0x01300000 - 0x0132f000 	C:\Program Files\Java\jre7\bin\javaw.exe
0x76f10000 - 0x7704c000 	C:\Windows\SYSTEM32\ntdll.dll
0x75b20000 - 0x75bf4000 	C:\Windows\system32\kernel32.dll
0x75290000 - 0x752da000 	C:\Windows\system32\KERNELBASE.dll
0x76e70000 - 0x76f10000 	C:\Windows\system32\ADVAPI32.dll
0x75a60000 - 0x75b0c000 	C:\Windows\system32\msvcrt.dll
0x75f50000 - 0x75f69000 	C:\Windows\SYSTEM32\sechost.dll
0x75690000 - 0x75731000 	C:\Windows\system32\RPCRT4.dll
0x75e80000 - 0x75f49000 	C:\Windows\system32\USER32.dll
0x75640000 - 0x7568e000 	C:\Windows\system32\GDI32.dll
0x75b10000 - 0x75b1a000 	C:\Windows\system32\LPK.dll
0x75740000 - 0x757dd000 	C:\Windows\system32\USP10.dll
0x73fb0000 - 0x7414e000 	C:\Windows\WinSxS\x86_microsoft.windows.common-controls_6595b64144ccf1df_6.0.7600.16385_none_421189da2b7fabfc\COMCTL32.dll
0x76c10000 - 0x76c67000 	C:\Windows\system32\SHLWAPI.dll
0x75a40000 - 0x75a5f000 	C:\Windows\system32\IMM32.DLL
0x75c00000 - 0x75ccc000 	C:\Windows\system32\MSCTF.dll
0x5f450000 - 0x5f50f000 	C:\Program Files\Java\jre7\bin\msvcr100.dll
0x563d0000 - 0x56750000 	C:\Program Files\Java\jre7\bin\client\jvm.dll
0x718d0000 - 0x718d7000 	C:\Windows\system32\WSOCK32.dll
0x77100000 - 0x77135000 	C:\Windows\system32\WS2_32.dll
0x77050000 - 0x77056000 	C:\Windows\system32\NSI.dll
0x73440000 - 0x73472000 	C:\Windows\system32\WINMM.dll
0x77060000 - 0x77065000 	C:\Windows\system32\PSAPI.DLL
0x73180000 - 0x7318c000 	C:\Program Files\Java\jre7\bin\verify.dll
0x71290000 - 0x712b0000 	C:\Program Files\Java\jre7\bin\java.dll
0x71270000 - 0x71283000 	C:\Program Files\Java\jre7\bin\zip.dll
0x703a0000 - 0x7048b000 	C:\Windows\system32\dbghelp.dll

VM Arguments:
jvm_args: -Dfile.encoding=MS950 -Xbootclasspath:C:\Users\Hawk\Downloads\adt-bundle-windows-x86-20140321\adt-bundle-windows-x86-20140321\sdk\platforms\android-18\android.jar 
java_command: com.example.asgard.Server
Launcher Type: SUN_STANDARD

Environment Variables:
PATH=C:/Program Files/Java/jre7/bin/client;C:/Program Files/Java/jre7/bin;C:/Program Files/Java/jre7/lib/i386;C:\Program Files\NVIDIA Corporation\PhysX\Common;C:\Windows\system32;C:\Windows;C:\Windows\System32\Wbem;C:\Windows\System32\WindowsPowerShell\v1.0\;C:\Program Files\WIDCOMM\Bluetooth Software\;C:\Program Files\Java\jdk1.7.0_51\bin;C:\Users\Hawk\AppData\Local\Smartbar\Application\;C:\Program Files\MiKTeX 2.9\miktex\bin\;C:\Program Files\MATLAB\R2014a\bin;C:\Program Files\CodeBlocks\MinGW\bin;C:\Program Files\nodejs\;C:\Program Files\QuickTime\QTSystem\;C:\Ruby200\bin;C:\Users\Hawk\AppData\Roaming\npm;C:\Users\Hawk\AppData\Local\GitHub\PortableGit_054f2e797ebafd44a30203088cd3d58663c627ef\bin;;C:\Users\Hawk\Downloads\adt-bundle-windows-x86-20140321\adt-bundle-windows-x86-20140321\eclipse;
USERNAME=Hawk
OS=Windows_NT
PROCESSOR_IDENTIFIER=x86 Family 6 Model 23 Stepping 10, GenuineIntel



---------------  S Y S T E M  ---------------

OS: Windows 7 Build 7600 

CPU:total 2 (2 cores per cpu, 1 threads per core) family 6 model 23 stepping 10, cmov, cx8, fxsr, mmx, sse, sse2, sse3, ssse3, tsc

Memory: 4k page, physical 2095080k(613880k free), swap 4190160k(1898872k free)

vm_info: Java HotSpot(TM) Client VM (24.55-b03) for windows-x86 JRE (1.7.0_55-b14), built on Apr 14 2014 18:25:32 by "java_re" with unknown MS VC++:1600

time: Wed Jun 04 21:16:15 2014
elapsed time: 0 seconds

